<?xml version="1.0" encoding="UTF-8"?>
<testsuite xmlns:xsi="http://www.w3.org/2001/XMLSchema-instance" xsi:noNamespaceSchemaLocation="https://maven.apache.org/surefire/maven-surefire-plugin/xsd/surefire-test-report-3.0.xsd" version="3.0" name="pe.wds.Facturacion.FacturacionApplicationTests" time="8.592" tests="1" errors="0" skipped="0" failures="0">
  <properties>
[...]
</properties>
  <testcase name="contextLoads" classname="pe.wds.Facturacion.FacturacionApplicationTests" time="1.314">
    <system-out><![CDATA[15:17:34.644 [main] INFO org.springframework.test.context.support.AnnotationConfigContextLoaderUtils -- Could not detect default configuration classes for test class [pe.wds.Facturacion.FacturacionApplicationTests]: FacturacionApplicationTests does not declare any static, non-private, non-final, nested classes annotated with @Configuration.
15:17:34.852 [main] INFO org.springframework.boot.test.context.SpringBootTestContextBootstrapper -- Found @SpringBootConfiguration pe.wds.Facturacion.FacturacionApplication for test class pe.wds.Facturacion.FacturacionApplicationTests

  .   ____          _            __ _ _
 /\\ / ___'_ __ _ _(_)_ __  __ _ \ \ \ \
( ( )\___ | '_ | '_| | '_ \/ _` | \ \ \ \
 \\/  ___)| |_)| | | | | || (_| |  ) ) ) )
  '  |____| .__|_| |_|_| |_\__, | / / / /
 =========|_|==============|___/=/_/_/_/
 :: Spring Boot ::                (v3.2.1)

2024-01-03T15:17:35.679-05:00  INFO 2332 --- [           main] p.w.F.FacturacionApplicationTests        : Starting FacturacionApplicationTests using Java 17 with PID 2332 (started by herna in D:\Project2024\WSD\Facturacion\newDemo\Facturacion\ux-facturacion)
2024-01-03T15:17:35.683-05:00  INFO 2332 --- [           main] p.w.F.FacturacionApplicationTests        : No active profile set, falling back to 1 default profile: "default"
2024-01-03T15:17:35.923-05:00  WARN 2332 --- [           main] o.s.c.annotation.AnnotationTypeMapping   : Support for convention-based annotation attribute overrides is deprecated and will be removed in Spring Framework 6.2. Please annotate the following attributes in @org.axonframework.spring.stereotype.Aggregate with appropriate @AliasFor declarations: [type]
2024-01-03T15:17:35.934-05:00  WARN 2332 --- [           main] o.s.c.annotation.AnnotationTypeMapping   : Support for convention-based annotation attribute overrides is deprecated and will be removed in Spring Framework 6.2. Please annotate the following attributes in @org.axonframework.eventsourcing.EventSourcingHandler with appropriate @AliasFor declarations: [payloadType]
2024-01-03T15:17:35.937-05:00  WARN 2332 --- [           main] o.s.c.annotation.AnnotationTypeMapping   : Support for convention-based annotation attribute overrides is deprecated and will be removed in Spring Framework 6.2. Please annotate the following attributes in @org.axonframework.eventsourcing.EventSourcingHandler with appropriate @AliasFor declarations: [payloadType]
2024-01-03T15:17:37.722-05:00  WARN 2332 --- [           main] o.s.c.annotation.AnnotationTypeMapping   : Support for convention-based annotation attribute overrides is deprecated and will be removed in Spring Framework 6.2. Please annotate the following attributes in @org.axonframework.modelling.command.AggregateIdentifier with appropriate @AliasFor declarations: [routingKey]
2024-01-03T15:17:39.009-05:00  INFO 2332 --- [           main] o.a.s.a.XStreamAutoConfiguration         : Initializing an XStream instance since none was found. The auto configuration base packages will be used as wildcards for the XStream security settings.
2024-01-03T15:17:39.285-05:00  INFO 2332 --- [           main] o.a.s.util.XStreamSecurityTypeUtility    : Constructing wildcard type for base package [pe.wds.Facturacion].
2024-01-03T15:17:39.303-05:00  INFO 2332 --- [           main] o.a.serialization.ChainingConverter      : ContentTypeConverter of type [class org.axonframework.serialization.xml.Dom4JToByteArrayConverter] is ignored. It seems to rely on a class that is not available in the class loader: org/dom4j/Document
2024-01-03T15:17:39.304-05:00  INFO 2332 --- [           main] o.a.serialization.ChainingConverter      : ContentTypeConverter of type [class org.axonframework.serialization.xml.InputStreamToDom4jConverter] is ignored. It seems to rely on a class that is not available in the class loader: org/dom4j/Document
2024-01-03T15:17:39.305-05:00  INFO 2332 --- [           main] o.a.serialization.ChainingConverter      : ContentTypeConverter of type [class org.axonframework.serialization.xml.XomToStringConverter] is ignored. It seems to rely on a class that is not available in the class loader: nu/xom/Document
2024-01-03T15:17:39.306-05:00  INFO 2332 --- [           main] o.a.serialization.ChainingConverter      : ContentTypeConverter of type [class org.axonframework.serialization.xml.InputStreamToXomConverter] is ignored. It seems to rely on a class that is not available in the class loader: nu/xom/ParsingException
2024-01-03T15:17:39.412-05:00  INFO 2332 --- [           main] o.a.config.AxonIQConsoleModule           : 
################################################################################################
## You have not configured AxonIQ Console. AxonIQ Console provides out-of-the box monitoring  ##
## and management capabilities for your Axon Application, starting with it is free.           ##
## Visit https://console.axoniq.io for more information!                                      ##
## Suppress this message by setting system property disable-axoniq-console-message to true.   ##
################################################################################################

2024-01-03T15:17:40.932-05:00  INFO 2332 --- [           main] i.a.a.c.impl.AxonServerManagedChannel    : Requesting connection details from localhost:8124
2024-01-03T15:17:41.385-05:00  INFO 2332 --- [           main] i.a.a.c.impl.AxonServerManagedChannel    : Successfully connected to localhost:8124
2024-01-03T15:17:41.405-05:00  INFO 2332 --- [           main] i.a.a.connector.impl.ControlChannelImpl  : Connected instruction stream for context 'default'. Sending client identification
2024-01-03T15:17:41.429-05:00  INFO 2332 --- [           main] i.a.a.c.command.impl.CommandChannelImpl  : CommandChannel for context 'default' connected, 0 command handlers registered
2024-01-03T15:17:41.434-05:00  INFO 2332 --- [           main] i.a.a.c.command.impl.CommandChannelImpl  : Registered handler for command 'pe.wds.Facturacion.command.CreateUserCmd' in context 'default'
2024-01-03T15:17:41.473-05:00  INFO 2332 --- [           main] p.w.F.FacturacionApplicationTests        : Started FacturacionApplicationTests in 6.368 seconds (process running for 8.301)
]]></system-out>
  </testcase>
</testsuite>